<?xml version="1.0" encoding="UTF-8"?>
<testsuite xmlns:xsi="http://www.w3.org/2001/XMLSchema-instance" xsi:noNamespaceSchemaLocation="https://maven.apache.org/surefire/maven-surefire-plugin/xsd/surefire-test-report-3.0.xsd" version="3.0" name="mandarProcedimentoServletTest" time="0.619" tests="1" errors="0" skipped="0" failures="0">
  <properties>
    <property name="java.specification.version" value="17"/>
    <property name="sun.jnu.encoding" value="UTF-8"/>
    <property name="java.class.path" value="/home/lucythetease/Desktop/projetoTeCnico/front/target/test-classes:/home/lucythetease/Desktop/projetoTeCnico/front/target/classes:/home/lucythetease/.m2/repository/org/json/json/20210307/json-20210307.jar:/home/lucythetease/.m2/repository/org/junit/jupiter/junit-jupiter-api/5.10.0-M1/junit-jupiter-api-5.10.0-M1.jar:/home/lucythetease/.m2/repository/org/opentest4j/opentest4j/1.2.0/opentest4j-1.2.0.jar:/home/lucythetease/.m2/repository/org/junit/platform/junit-platform-commons/1.10.0-M1/junit-platform-commons-1.10.0-M1.jar:/home/lucythetease/.m2/repository/org/apiguardian/apiguardian-api/1.1.2/apiguardian-api-1.1.2.jar:/home/lucythetease/.m2/repository/br/com/codandosimples/server-side-proc/1.0-SNAPSHOT/server-side-proc-1.0-SNAPSHOT.jar:/home/lucythetease/.m2/repository/org/liquibase/liquibase-core/4.5.0/liquibase-core-4.5.0.jar:/home/lucythetease/.m2/repository/javax/xml/bind/jaxb-api/2.3.0/jaxb-api-2.3.0.jar:/home/lucythetease/.m2/repository/org/postgresql/postgresql/42.6.0/postgresql-42.6.0.jar:/home/lucythetease/.m2/repository/org/checkerframework/checker-qual/3.31.0/checker-qual-3.31.0.jar:/home/lucythetease/.m2/repository/javax/servlet/javax.servlet-api/3.1.0/javax.servlet-api-3.1.0.jar:"/>
    <property name="java.vm.vendor" value="Debian"/>
    <property name="sun.arch.data.model" value="64"/>
    <property name="java.vendor.url" value="https://tracker.debian.org/openjdk-17"/>
    <property name="user.timezone" value="America/Sao_Paulo"/>
    <property name="os.name" value="Linux"/>
    <property name="java.vm.specification.version" value="17"/>
    <property name="sun.java.launcher" value="SUN_STANDARD"/>
    <property name="user.country" value="US"/>
    <property name="sun.boot.library.path" value="/usr/lib/jvm/java-17-openjdk-amd64/lib"/>
    <property name="sun.java.command" value="/home/lucythetease/Desktop/projetoTeCnico/front/target/surefire/surefirebooter18227236932586533622.jar /home/lucythetease/Desktop/projetoTeCnico/front/target/surefire 2023-06-05T01-52-35_251-jvmRun1 surefire14046328921835122634tmp surefire_02326379073223073405tmp"/>
    <property name="jdk.debug" value="release"/>
    <property name="surefire.test.class.path" value="/home/lucythetease/Desktop/projetoTeCnico/front/target/test-classes:/home/lucythetease/Desktop/projetoTeCnico/front/target/classes:/home/lucythetease/.m2/repository/org/json/json/20210307/json-20210307.jar:/home/lucythetease/.m2/repository/org/junit/jupiter/junit-jupiter-api/5.10.0-M1/junit-jupiter-api-5.10.0-M1.jar:/home/lucythetease/.m2/repository/org/opentest4j/opentest4j/1.2.0/opentest4j-1.2.0.jar:/home/lucythetease/.m2/repository/org/junit/platform/junit-platform-commons/1.10.0-M1/junit-platform-commons-1.10.0-M1.jar:/home/lucythetease/.m2/repository/org/apiguardian/apiguardian-api/1.1.2/apiguardian-api-1.1.2.jar:/home/lucythetease/.m2/repository/br/com/codandosimples/server-side-proc/1.0-SNAPSHOT/server-side-proc-1.0-SNAPSHOT.jar:/home/lucythetease/.m2/repository/org/liquibase/liquibase-core/4.5.0/liquibase-core-4.5.0.jar:/home/lucythetease/.m2/repository/javax/xml/bind/jaxb-api/2.3.0/jaxb-api-2.3.0.jar:/home/lucythetease/.m2/repository/org/postgresql/postgresql/42.6.0/postgresql-42.6.0.jar:/home/lucythetease/.m2/repository/org/checkerframework/checker-qual/3.31.0/checker-qual-3.31.0.jar:/home/lucythetease/.m2/repository/javax/servlet/javax.servlet-api/3.1.0/javax.servlet-api-3.1.0.jar:"/>
    <property name="sun.cpu.endian" value="little"/>
    <property name="user.home" value="/home/lucythetease"/>
    <property name="user.language" value="en"/>
    <property name="java.specification.vendor" value="Oracle Corporation"/>
    <property name="java.version.date" value="2023-01-17"/>
    <property name="java.home" value="/usr/lib/jvm/java-17-openjdk-amd64"/>
    <property name="file.separator" value="/"/>
    <property name="basedir" value="/home/lucythetease/Desktop/projetoTeCnico/front"/>
    <property name="java.vm.compressedOopsMode" value="Zero based"/>
    <property name="line.separator" value="&#10;"/>
    <property name="java.vm.specification.vendor" value="Oracle Corporation"/>
    <property name="java.specification.name" value="Java Platform API Specification"/>
    <property name="surefire.real.class.path" value="/home/lucythetease/Desktop/projetoTeCnico/front/target/surefire/surefirebooter18227236932586533622.jar"/>
    <property name="sun.management.compiler" value="HotSpot 64-Bit Tiered Compilers"/>
    <property name="java.runtime.version" value="17.0.6+10-Debian-1deb11u1"/>
    <property name="user.name" value="lucythetease"/>
    <property name="path.separator" value=":"/>
    <property name="os.version" value="6.3.0-rc5+"/>
    <property name="java.runtime.name" value="OpenJDK Runtime Environment"/>
    <property name="file.encoding" value="UTF-8"/>
    <property name="java.vm.name" value="OpenJDK 64-Bit Server VM"/>
    <property name="localRepository" value="/home/lucythetease/.m2/repository"/>
    <property name="java.vendor.url.bug" value="https://bugs.debian.org/openjdk-17"/>
    <property name="java.io.tmpdir" value="/tmp"/>
    <property name="java.version" value="17.0.6"/>
    <property name="user.dir" value="/home/lucythetease/Desktop/projetoTeCnico/front"/>
    <property name="os.arch" value="amd64"/>
    <property name="java.vm.specification.name" value="Java Virtual Machine Specification"/>
    <property name="native.encoding" value="UTF-8"/>
    <property name="java.library.path" value="/usr/java/packages/lib:/usr/lib/x86_64-linux-gnu/jni:/lib/x86_64-linux-gnu:/usr/lib/x86_64-linux-gnu:/usr/lib/jni:/lib:/usr/lib"/>
    <property name="java.vm.info" value="mixed mode, sharing"/>
    <property name="java.vendor" value="Debian"/>
    <property name="java.vm.version" value="17.0.6+10-Debian-1deb11u1"/>
    <property name="sun.io.unicode.encoding" value="UnicodeLittle"/>
    <property name="java.class.version" value="61.0"/>
  </properties>
  <testcase name="doPost" classname="mandarProcedimentoServletTest" time="0.587"/>
</testsuite>